[2024-08-25T13:11:56.947+0000] {local_task_job_runner.py:123} INFO - ::group::Pre task execution logs
[2024-08-25T13:11:57.032+0000] {taskinstance.py:2603} INFO - Dependencies all met for dep_context=non-requeueable deps ti=<TaskInstance: weather_data_pipeline.run_etl manual__2024-08-25T13:10:51.873404+00:00 [queued]>
[2024-08-25T13:11:57.122+0000] {taskinstance.py:2603} INFO - Dependencies all met for dep_context=requeueable deps ti=<TaskInstance: weather_data_pipeline.run_etl manual__2024-08-25T13:10:51.873404+00:00 [queued]>
[2024-08-25T13:11:57.138+0000] {taskinstance.py:2856} INFO - Starting attempt 1 of 2
[2024-08-25T13:11:57.288+0000] {taskinstance.py:2879} INFO - Executing <Task(PythonOperator): run_etl> on 2024-08-25 13:10:51.873404+00:00
[2024-08-25T13:11:57.356+0000] {warnings.py:112} WARNING - /home/***/.local/lib/python3.12/site-packages/***/task/task_runner/standard_task_runner.py:70: DeprecationWarning: This process (pid=2618) is multi-threaded, use of fork() may lead to deadlocks in the child.
  pid = os.fork()

[2024-08-25T13:11:57.375+0000] {standard_task_runner.py:72} INFO - Started process 2627 to run task
[2024-08-25T13:11:57.385+0000] {standard_task_runner.py:104} INFO - Running: ['***', 'tasks', 'run', 'weather_data_pipeline', 'run_etl', 'manual__2024-08-25T13:10:51.873404+00:00', '--job-id', '6', '--raw', '--subdir', 'DAGS_FOLDER/dag.py', '--cfg-path', '/tmp/tmp25_karew']
[2024-08-25T13:11:57.395+0000] {standard_task_runner.py:105} INFO - Job 6: Subtask run_etl
[2024-08-25T13:11:57.922+0000] {task_command.py:467} INFO - Running <TaskInstance: weather_data_pipeline.run_etl manual__2024-08-25T13:10:51.873404+00:00 [running]> on host 66b5aa824be4
[2024-08-25T13:11:58.512+0000] {taskinstance.py:3122} INFO - Exporting env vars: AIRFLOW_CTX_DAG_OWNER='***' AIRFLOW_CTX_DAG_ID='weather_data_pipeline' AIRFLOW_CTX_TASK_ID='run_etl' AIRFLOW_CTX_EXECUTION_DATE='2024-08-25T13:10:51.873404+00:00' AIRFLOW_CTX_TRY_NUMBER='1' AIRFLOW_CTX_DAG_RUN_ID='manual__2024-08-25T13:10:51.873404+00:00'
[2024-08-25T13:11:58.527+0000] {logging_mixin.py:190} INFO - Task instance is in running state
[2024-08-25T13:11:58.537+0000] {logging_mixin.py:190} INFO -  Previous state of the Task instance: queued
[2024-08-25T13:11:58.546+0000] {logging_mixin.py:190} INFO - Current task name:run_etl state:running start_date:2024-08-25 13:11:57.037302+00:00
[2024-08-25T13:11:58.554+0000] {logging_mixin.py:190} INFO - Dag name:weather_data_pipeline and current dag run status:running
[2024-08-25T13:11:58.562+0000] {taskinstance.py:731} INFO - ::endgroup::
[2024-08-25T13:12:00.666+0000] {python.py:240} INFO - Done. Returned value was: None
[2024-08-25T13:12:00.814+0000] {taskinstance.py:340} INFO - ::group::Post task execution logs
[2024-08-25T13:12:00.825+0000] {taskinstance.py:352} INFO - Marking task as SUCCESS. dag_id=weather_data_pipeline, task_id=run_etl, run_id=manual__2024-08-25T13:10:51.873404+00:00, execution_date=20240825T131051, start_date=20240825T131157, end_date=20240825T131200
[2024-08-25T13:12:00.913+0000] {logging_mixin.py:190} INFO - Task instance in success state
[2024-08-25T13:12:00.916+0000] {logging_mixin.py:190} INFO -  Previous state of the Task instance: running
[2024-08-25T13:12:00.918+0000] {logging_mixin.py:190} INFO - Dag name:weather_data_pipeline queued_at:2024-08-25 13:10:52.027231+00:00
[2024-08-25T13:12:00.923+0000] {logging_mixin.py:190} INFO - Task hostname:66b5aa824be4 operator:PythonOperator
[2024-08-25T13:12:01.015+0000] {local_task_job_runner.py:261} INFO - Task exited with return code 0
[2024-08-25T13:12:01.146+0000] {taskinstance.py:3891} INFO - 0 downstream tasks scheduled from follow-on schedule check
[2024-08-25T13:12:01.158+0000] {local_task_job_runner.py:240} INFO - ::endgroup::
