[2024-08-25T13:11:56.942+0000] {local_task_job_runner.py:123} INFO - ::group::Pre task execution logs
[2024-08-25T13:11:57.060+0000] {taskinstance.py:2603} INFO - Dependencies all met for dep_context=non-requeueable deps ti=<TaskInstance: weather_data_pipeline.run_etl scheduled__2024-08-24T00:00:00+00:00 [queued]>
[2024-08-25T13:11:57.140+0000] {taskinstance.py:2603} INFO - Dependencies all met for dep_context=requeueable deps ti=<TaskInstance: weather_data_pipeline.run_etl scheduled__2024-08-24T00:00:00+00:00 [queued]>
[2024-08-25T13:11:57.163+0000] {taskinstance.py:2856} INFO - Starting attempt 1 of 2
[2024-08-25T13:11:57.305+0000] {taskinstance.py:2879} INFO - Executing <Task(PythonOperator): run_etl> on 2024-08-24 00:00:00+00:00
[2024-08-25T13:11:57.368+0000] {warnings.py:112} WARNING - /home/***/.local/lib/python3.12/site-packages/***/task/task_runner/standard_task_runner.py:70: DeprecationWarning: This process (pid=2617) is multi-threaded, use of fork() may lead to deadlocks in the child.
  pid = os.fork()

[2024-08-25T13:11:57.412+0000] {standard_task_runner.py:72} INFO - Started process 2628 to run task
[2024-08-25T13:11:57.412+0000] {standard_task_runner.py:104} INFO - Running: ['***', 'tasks', 'run', 'weather_data_pipeline', 'run_etl', 'scheduled__2024-08-24T00:00:00+00:00', '--job-id', '5', '--raw', '--subdir', 'DAGS_FOLDER/dag.py', '--cfg-path', '/tmp/tmpnnax_t0p']
[2024-08-25T13:11:57.427+0000] {standard_task_runner.py:105} INFO - Job 5: Subtask run_etl
[2024-08-25T13:11:57.964+0000] {task_command.py:467} INFO - Running <TaskInstance: weather_data_pipeline.run_etl scheduled__2024-08-24T00:00:00+00:00 [running]> on host 66b5aa824be4
[2024-08-25T13:11:58.529+0000] {taskinstance.py:3122} INFO - Exporting env vars: AIRFLOW_CTX_DAG_OWNER='***' AIRFLOW_CTX_DAG_ID='weather_data_pipeline' AIRFLOW_CTX_TASK_ID='run_etl' AIRFLOW_CTX_EXECUTION_DATE='2024-08-24T00:00:00+00:00' AIRFLOW_CTX_TRY_NUMBER='1' AIRFLOW_CTX_DAG_RUN_ID='scheduled__2024-08-24T00:00:00+00:00'
[2024-08-25T13:11:58.547+0000] {logging_mixin.py:190} INFO - Task instance is in running state
[2024-08-25T13:11:58.558+0000] {logging_mixin.py:190} INFO -  Previous state of the Task instance: queued
[2024-08-25T13:11:58.564+0000] {logging_mixin.py:190} INFO - Current task name:run_etl state:running start_date:2024-08-25 13:11:57.083485+00:00
[2024-08-25T13:11:58.571+0000] {logging_mixin.py:190} INFO - Dag name:weather_data_pipeline and current dag run status:running
[2024-08-25T13:11:58.582+0000] {taskinstance.py:731} INFO - ::endgroup::
[2024-08-25T13:12:00.682+0000] {python.py:240} INFO - Done. Returned value was: None
[2024-08-25T13:12:00.772+0000] {taskinstance.py:340} INFO - ::group::Post task execution logs
[2024-08-25T13:12:00.792+0000] {taskinstance.py:352} INFO - Marking task as SUCCESS. dag_id=weather_data_pipeline, task_id=run_etl, run_id=scheduled__2024-08-24T00:00:00+00:00, execution_date=20240824T000000, start_date=20240825T131157, end_date=20240825T131200
[2024-08-25T13:12:00.917+0000] {logging_mixin.py:190} INFO - Task instance in success state
[2024-08-25T13:12:00.919+0000] {logging_mixin.py:190} INFO -  Previous state of the Task instance: running
[2024-08-25T13:12:00.923+0000] {logging_mixin.py:190} INFO - Dag name:weather_data_pipeline queued_at:2024-08-25 13:10:53.268051+00:00
[2024-08-25T13:12:00.924+0000] {logging_mixin.py:190} INFO - Task hostname:66b5aa824be4 operator:PythonOperator
[2024-08-25T13:12:01.018+0000] {local_task_job_runner.py:261} INFO - Task exited with return code 0
[2024-08-25T13:12:01.125+0000] {taskinstance.py:3891} INFO - 0 downstream tasks scheduled from follow-on schedule check
[2024-08-25T13:12:01.148+0000] {local_task_job_runner.py:240} INFO - ::endgroup::
